C:\Users\unver\source\repos\SehirRehberi.API\SehirRehberi.API\city-guide-spa\dist\out-tsc\src\app\app-routing.module.js
C:\Users\unver\source\repos\SehirRehberi.API\SehirRehberi.API\city-guide-spa\dist\out-tsc\src\app\app-routing.module.js.map
C:\Users\unver\source\repos\SehirRehberi.API\SehirRehberi.API\city-guide-spa\dist\out-tsc\src\app\app.component.js
C:\Users\unver\source\repos\SehirRehberi.API\SehirRehberi.API\city-guide-spa\dist\out-tsc\src\app\app.component.js.map
C:\Users\unver\source\repos\SehirRehberi.API\SehirRehberi.API\city-guide-spa\dist\out-tsc\src\app\models\value.js
C:\Users\unver\source\repos\SehirRehberi.API\SehirRehberi.API\city-guide-spa\dist\out-tsc\src\app\models\value.js.map
C:\Users\unver\source\repos\SehirRehberi.API\SehirRehberi.API\city-guide-spa\dist\out-tsc\src\app\value\value.component.js
C:\Users\unver\source\repos\SehirRehberi.API\SehirRehberi.API\city-guide-spa\dist\out-tsc\src\app\value\value.component.js.map
C:\Users\unver\source\repos\SehirRehberi.API\SehirRehberi.API\city-guide-spa\dist\out-tsc\src\app\app.module.js
C:\Users\unver\source\repos\SehirRehberi.API\SehirRehberi.API\city-guide-spa\dist\out-tsc\src\app\app.module.js.map
C:\Users\unver\source\repos\SehirRehberi.API\SehirRehberi.API\city-guide-spa\dist\out-tsc\src\environments\environment.js
C:\Users\unver\source\repos\SehirRehberi.API\SehirRehberi.API\city-guide-spa\dist\out-tsc\src\environments\environment.js.map
C:\Users\unver\source\repos\SehirRehberi.API\SehirRehberi.API\city-guide-spa\dist\out-tsc\src\main.js
C:\Users\unver\source\repos\SehirRehberi.API\SehirRehberi.API\city-guide-spa\dist\out-tsc\src\main.js.map
C:\Users\unver\source\repos\SehirRehberi.API\SehirRehberi.API\city-guide-spa\dist\out-tsc\src\polyfills.js
C:\Users\unver\source\repos\SehirRehberi.API\SehirRehberi.API\city-guide-spa\dist\out-tsc\src\polyfills.js.map
C:\Users\unver\source\repos\SehirRehberi.API\SehirRehberi.API\city-guide-spa\dist\out-tsc\src\test.js
C:\Users\unver\source\repos\SehirRehberi.API\SehirRehberi.API\city-guide-spa\dist\out-tsc\src\test.js.map
C:\Users\unver\source\repos\SehirRehberi.API\SehirRehberi.API\city-guide-spa\dist\out-tsc\e2e\src\app.po.js
C:\Users\unver\source\repos\SehirRehberi.API\SehirRehberi.API\city-guide-spa\dist\out-tsc\e2e\src\app.po.js.map
C:\Users\unver\source\repos\SehirRehberi.API\SehirRehberi.API\city-guide-spa\dist\out-tsc\e2e\src\app.e2e-spec.js
C:\Users\unver\source\repos\SehirRehberi.API\SehirRehberi.API\city-guide-spa\dist\out-tsc\e2e\src\app.e2e-spec.js.map
C:\Users\unver\source\repos\SehirRehberi.API\SehirRehberi.API\city-guide-spa\dist\out-tsc\src\app\app.component.spec.js
C:\Users\unver\source\repos\SehirRehberi.API\SehirRehberi.API\city-guide-spa\dist\out-tsc\src\app\app.component.spec.js.map
C:\Users\unver\source\repos\SehirRehberi.API\SehirRehberi.API\city-guide-spa\dist\out-tsc\src\environments\environment.prod.js
C:\Users\unver\source\repos\SehirRehberi.API\SehirRehberi.API\city-guide-spa\dist\out-tsc\src\environments\environment.prod.js.map
C:\Users\unver\source\repos\SehirRehberi.API\SehirRehberi.API\city-guide-spa\dist\out-tsc\src\app\value\value.component.spec.js
C:\Users\unver\source\repos\SehirRehberi.API\SehirRehberi.API\city-guide-spa\dist\out-tsc\src\app\value\value.component.spec.js.map
